2023-06-07T22:37:36.329+0200	FATAL	Initialize: Missing a required connection value for api.url	{"progname": "Contrast Service", "url": ""}
2023-06-07T22:37:36.443+0200	FATAL	Initialize: Missing a required connection value for api.url	{"progname": "Contrast Service", "url": ""}
2023-06-07T22:37:36.552+0200	FATAL	Initialize: Missing a required connection value for api.url	{"progname": "Contrast Service", "url": ""}
2023-06-07T22:37:36.661+0200	FATAL	Initialize: Missing a required connection value for api.url	{"progname": "Contrast Service", "url": ""}
2023-06-08T15:17:02.058+0200	FATAL	Initialize: Missing a required connection value for api.url	{"progname": "Contrast Service", "url": ""}
2023-06-08T15:17:02.262+0200	FATAL	Initialize: Missing a required connection value for api.url	{"progname": "Contrast Service", "url": ""}
2023-06-08T15:17:02.377+0200	FATAL	Initialize: Missing a required connection value for api.url	{"progname": "Contrast Service", "url": ""}
2023-06-08T15:17:02.492+0200	FATAL	Initialize: Missing a required connection value for api.url	{"progname": "Contrast Service", "url": ""}
2023-06-08T15:19:36.633+0200	FATAL	Initialize: Missing a required connection value for api.url	{"progname": "Contrast Service", "url": ""}
2023-06-08T15:19:36.873+0200	FATAL	Initialize: Missing a required connection value for api.url	{"progname": "Contrast Service", "url": ""}
2023-06-08T15:19:37.132+0200	FATAL	Initialize: Missing a required connection value for api.url	{"progname": "Contrast Service", "url": ""}
2023-06-08T15:19:37.231+0200	FATAL	Initialize: Missing a required connection value for api.url	{"progname": "Contrast Service", "url": ""}
2023-06-08T15:27:26.273+0200	FATAL	Initialize: Missing a required connection value for api.url	{"progname": "Contrast Service", "url": ""}
2023-06-08T15:27:26.498+0200	FATAL	Initialize: Missing a required connection value for api.url	{"progname": "Contrast Service", "url": ""}
2023-06-08T15:27:26.564+0200	FATAL	Initialize: Missing a required connection value for api.url	{"progname": "Contrast Service", "url": ""}
2023-06-08T15:27:26.688+0200	FATAL	Initialize: Missing a required connection value for api.url	{"progname": "Contrast Service", "url": ""}
2023-06-08T15:29:05.146+0200	FATAL	Initialize: Missing a required connection value for api.url	{"progname": "Contrast Service", "url": ""}
2023-06-08T15:29:05.223+0200	FATAL	Initialize: Missing a required connection value for api.url	{"progname": "Contrast Service", "url": ""}
2023-06-08T15:29:05.343+0200	FATAL	Initialize: Missing a required connection value for api.url	{"progname": "Contrast Service", "url": ""}
2023-06-08T15:29:05.440+0200	FATAL	Initialize: Missing a required connection value for api.url	{"progname": "Contrast Service", "url": ""}
2023-06-08T15:34:38.780+0200	FATAL	Initialize: Missing a required connection value for api.url	{"progname": "Contrast Service", "url": ""}
2023-06-08T15:34:38.913+0200	FATAL	Initialize: Missing a required connection value for api.url	{"progname": "Contrast Service", "url": ""}
2023-06-08T15:34:38.987+0200	FATAL	Initialize: Missing a required connection value for api.url	{"progname": "Contrast Service", "url": ""}
2023-06-08T15:34:39.114+0200	FATAL	Initialize: Missing a required connection value for api.url	{"progname": "Contrast Service", "url": ""}
2023-06-08T15:35:14.719+0200	FATAL	Initialize: Missing a required connection value for api.url	{"progname": "Contrast Service", "url": ""}
2023-06-08T15:35:14.839+0200	FATAL	Initialize: Missing a required connection value for api.url	{"progname": "Contrast Service", "url": ""}
2023-06-08T15:35:14.942+0200	FATAL	Initialize: Missing a required connection value for api.url	{"progname": "Contrast Service", "url": ""}
2023-06-08T15:35:15.064+0200	FATAL	Initialize: Missing a required connection value for api.url	{"progname": "Contrast Service", "url": ""}
2023-06-08T15:37:21.927+0200	FATAL	Initialize: Missing a required connection value for api.url	{"progname": "Contrast Service", "url": ""}
2023-06-08T15:37:22.038+0200	FATAL	Initialize: Missing a required connection value for api.url	{"progname": "Contrast Service", "url": ""}
2023-06-08T15:37:22.136+0200	FATAL	Initialize: Missing a required connection value for api.url	{"progname": "Contrast Service", "url": ""}
2023-06-08T15:37:22.253+0200	FATAL	Initialize: Missing a required connection value for api.url	{"progname": "Contrast Service", "url": ""}
2023-06-08T15:37:52.681+0200	FATAL	Initialize: Missing a required connection value for api.url	{"progname": "Contrast Service", "url": ""}
2023-06-08T15:37:52.798+0200	FATAL	Initialize: Missing a required connection value for api.url	{"progname": "Contrast Service", "url": ""}
2023-06-08T15:37:52.906+0200	FATAL	Initialize: Missing a required connection value for api.url	{"progname": "Contrast Service", "url": ""}
2023-06-08T15:37:53.013+0200	FATAL	Initialize: Missing a required connection value for api.url	{"progname": "Contrast Service", "url": ""}
2023-06-08T15:39:17.735+0200	FATAL	Initialize: Missing a required connection value for api.url	{"progname": "Contrast Service", "url": ""}
2023-06-08T15:39:17.849+0200	FATAL	Initialize: Missing a required connection value for api.url	{"progname": "Contrast Service", "url": ""}
2023-06-08T15:39:17.956+0200	FATAL	Initialize: Missing a required connection value for api.url	{"progname": "Contrast Service", "url": ""}
2023-06-08T15:39:18.061+0200	FATAL	Initialize: Missing a required connection value for api.url	{"progname": "Contrast Service", "url": ""}
2023-06-08T15:39:58.952+0200	FATAL	Initialize: Missing a required connection value for api.url	{"progname": "Contrast Service", "url": ""}
2023-06-08T15:39:59.084+0200	FATAL	Initialize: Missing a required connection value for api.url	{"progname": "Contrast Service", "url": ""}
2023-06-08T15:39:59.214+0200	FATAL	Initialize: Missing a required connection value for api.url	{"progname": "Contrast Service", "url": ""}
2023-06-08T15:39:59.314+0200	FATAL	Initialize: Missing a required connection value for api.url	{"progname": "Contrast Service", "url": ""}
2023-06-08T15:41:10.142+0200	INFO	Config: Current configuration	{"progname": "Contrast Service", "yaml": "api:\n  url: https://ce.contrastsecurity.com/Contrast\n  service_key: REDACTED\n  api_key: REDACTED\n  user_name: agent_969ddc77-e860-41b6-949e-c08751ce73e7@FatimasOrg\nagent:\n  polling:\n    app_activity_ms: \"30000\"\n    app_update_ms: \"60000\"\n    server_activity_ms: \"30000\"\n    accumulated_rules_ms: \"30000\"\n    agent_cleanup_ms: \"5000\"\n  logger:\n    path: contrast_agent.log\n    level: DEBUG\n    metrics: \"true\"\n    progname: Contrast Service\n  service:\n    teamserver_retry:\n      enable: \"false\"\n      interval_ms: 5000\n      max_attempts: 5\n      isenabled: false\n    host: localhost\n    port: \"30555\"\n    grpc: \"true\"\n    logger:\n      path: contrast_service.log\n      level: INFO\n      stdout: \"false\"\n      progname: Contrast Service\n      max_size: \"100\"\n      backup_age: \"7\"\n    pprof:\n      port: \"\"\n    connection_timeout_ms: \"30000\"\n    parsedconnectiontimeoutms: 30000\ninventory: {}\nassess: {}\nprotect:\n  samples:\n    ineffective: \"50\"\n    blocked: \"25\"\n    exploited: \"100\"\n    blocked_at_perimeter: \"25\"\n  rules:\n    sql-injection:\n      detect_tautologies: \"false\"\n      detect_dangerous_functions: \"false\"\n      detect_chained_queries: \"false\"\n      detect_suspicious_unions: \"false\"\n      detecttautologies: false\n      detectdangerousfunctions: false\n      detectchainedqueries: false\n      detectsuspiciousunions: false\n    rulemodes: {}\napplication:\n  name: root\n  path: /\nserver: {}\nyamlfilepath: ./contrast_security.yaml\n"}
2023-06-08T15:41:10.142+0200	INFO	Initialize: contrast-service: BUILD	{"progname": "Contrast Service", "version": "2.28.27", "build_time": ""}
2023-06-08T15:41:10.142+0200	INFO	Initialize: Building timer for orphan request cleanup	{"progname": "Contrast Service", "cleanupMs": 5000}
2023-06-08T15:41:10.142+0200	INFO	Initialize: Building timer for orphan app cleanup	{"progname": "Contrast Service", "time": 5000}
2023-06-08T15:41:10.142+0200	INFO	Initialize: Creating listener	{"progname": "Contrast Service", "type": "tcp", "path": "localhost:30555"}
2023-06-08T15:41:11.285+0200	INFO	Creating New Application Server	{"progname": "Contrast Service", "uuid": "7884f0ee-1528-4852-9096-25717a80899d", "serverName": "DESKTOP-IAJP5HP", "clientId": "2596", "pid": 2596}
2023-06-08T15:41:11.285+0200	INFO	TSClient: Application Context:	{"progname": "Contrast Service", "server_name": "DESKTOP-IAJP5HP", "server_path": "C:\\Users\\rehim\\Downloads\\juice-shop-15.0.0_node18_win32_x64\\juice-shop_15.0.0\\build", "server_type": "node.js v18.16.0", "application_name": "juice-shop", "application_path": "/", "application_language": "Node"}
2023-06-08T15:41:12.116+0200	INFO	StateStorage: Setting new server features for context	{"progname": "Contrast Service", "uuid": "7884f0ee-1528-4852-9096-25717a80899d", "serverName": "DESKTOP-IAJP5HP"}
2023-06-08T15:41:12.117+0200	INFO	starting event scanner	{"progname": "Contrast Service", "report": {}}
2023-06-08T15:41:12.135+0200	INFO	Command: Creating new application	{"progname": "Contrast Service", "uuid": "7884f0ee-1528-4852-9096-25717a80899d", "serverName": "DESKTOP-IAJP5HP", "appName": "juice-shop", "language": "Node", "clientId": "2596", "pid": 2596}
2023-06-08T15:41:12.135+0200	INFO	Command: Creating and initializing new application	{"progname": "Contrast Service", "uuid": "7884f0ee-1528-4852-9096-25717a80899d", "server_name": "DESKTOP-IAJP5HP", "app_name": "juice-shop", "app_lang": "Node", "client_id": "2596", "pid": 2596}
2023-06-08T15:41:13.199+0200	INFO	StateStorage: Setting new application settings	{"progname": "Contrast Service", "uuid": "7884f0ee-1528-4852-9096-25717a80899d", "serverName": "DESKTOP-IAJP5HP", "appKey": "juice-shop-Node"}
2023-06-08T15:41:13.206+0200	INFO	Protect: reflected-xss rule converting mode BLOCK to BLOCK_AT_PERIMETER	{"progname": "Contrast Service"}
2023-06-08T16:02:19.534+0200	INFO	Config: Current configuration	{"progname": "Contrast Service", "yaml": "api:\n  url: https://ce.contrastsecurity.com/Contrast\n  service_key: REDACTED\n  api_key: REDACTED\n  user_name: agent_969ddc77-e860-41b6-949e-c08751ce73e7@FatimasOrg\nagent:\n  polling:\n    app_activity_ms: \"30000\"\n    app_update_ms: \"60000\"\n    server_activity_ms: \"30000\"\n    accumulated_rules_ms: \"30000\"\n    agent_cleanup_ms: \"5000\"\n  logger:\n    path: contrast_agent.log\n    level: DEBUG\n    metrics: \"true\"\n    progname: Contrast Service\n  service:\n    teamserver_retry:\n      enable: \"false\"\n      interval_ms: 5000\n      max_attempts: 5\n      isenabled: false\n    host: localhost\n    port: \"30555\"\n    grpc: \"true\"\n    logger:\n      path: contrast_service.log\n      level: INFO\n      stdout: \"false\"\n      progname: Contrast Service\n      max_size: \"100\"\n      backup_age: \"7\"\n    pprof:\n      port: \"\"\n    connection_timeout_ms: \"30000\"\n    parsedconnectiontimeoutms: 30000\ninventory: {}\nassess: {}\nprotect:\n  samples:\n    ineffective: \"50\"\n    blocked: \"25\"\n    exploited: \"100\"\n    blocked_at_perimeter: \"25\"\n  rules:\n    sql-injection:\n      detect_tautologies: \"false\"\n      detect_dangerous_functions: \"false\"\n      detect_chained_queries: \"false\"\n      detect_suspicious_unions: \"false\"\n      detecttautologies: false\n      detectdangerousfunctions: false\n      detectchainedqueries: false\n      detectsuspiciousunions: false\n    rulemodes: {}\napplication:\n  name: root\n  path: /\nserver: {}\nyamlfilepath: ./contrast_security.yaml\n"}
2023-06-08T16:02:19.534+0200	INFO	Initialize: contrast-service: BUILD	{"progname": "Contrast Service", "version": "2.28.27", "build_time": ""}
2023-06-08T16:02:19.534+0200	INFO	Initialize: Building timer for orphan request cleanup	{"progname": "Contrast Service", "cleanupMs": 5000}
2023-06-08T16:02:19.534+0200	INFO	Initialize: Building timer for orphan app cleanup	{"progname": "Contrast Service", "time": 5000}
2023-06-08T16:02:19.534+0200	INFO	Initialize: Creating listener	{"progname": "Contrast Service", "type": "tcp", "path": "localhost:30555"}
2023-06-08T16:02:20.595+0200	INFO	Creating New Application Server	{"progname": "Contrast Service", "uuid": "39215a85-0629-419f-ac17-aeea18e316e4", "serverName": "DESKTOP-IAJP5HP", "clientId": "2324", "pid": 2324}
2023-06-08T16:02:20.595+0200	INFO	TSClient: Application Context:	{"progname": "Contrast Service", "server_name": "DESKTOP-IAJP5HP", "server_path": "C:\\Users\\rehim\\Downloads\\juice-shop-15.0.0_node18_win32_x64\\juice-shop_15.0.0\\build", "server_type": "node.js v18.16.0", "application_name": "juice-shop", "application_path": "/", "application_language": "Node"}
2023-06-08T16:02:21.348+0200	INFO	StateStorage: Setting new server features for context	{"progname": "Contrast Service", "uuid": "39215a85-0629-419f-ac17-aeea18e316e4", "serverName": "DESKTOP-IAJP5HP"}
2023-06-08T16:02:21.349+0200	INFO	starting event scanner	{"progname": "Contrast Service", "report": {}}
2023-06-08T16:02:21.367+0200	INFO	Command: Creating new application	{"progname": "Contrast Service", "uuid": "39215a85-0629-419f-ac17-aeea18e316e4", "serverName": "DESKTOP-IAJP5HP", "appName": "juice-shop", "language": "Node", "clientId": "2324", "pid": 2324}
2023-06-08T16:02:21.367+0200	INFO	Command: Creating and initializing new application	{"progname": "Contrast Service", "uuid": "39215a85-0629-419f-ac17-aeea18e316e4", "server_name": "DESKTOP-IAJP5HP", "app_name": "juice-shop", "app_lang": "Node", "client_id": "2324", "pid": 2324}
2023-06-08T16:02:21.612+0200	INFO	StateStorage: Setting new application settings	{"progname": "Contrast Service", "uuid": "39215a85-0629-419f-ac17-aeea18e316e4", "serverName": "DESKTOP-IAJP5HP", "appKey": "juice-shop-Node"}
2023-06-08T16:02:21.628+0200	INFO	Protect: reflected-xss rule converting mode BLOCK to BLOCK_AT_PERIMETER	{"progname": "Contrast Service"}
2023-06-08T16:08:04.778+0200	INFO	Config: Current configuration	{"progname": "Contrast Service", "yaml": "api:\n  url: https://ce.contrastsecurity.com/Contrast\n  service_key: REDACTED\n  api_key: REDACTED\n  user_name: agent_969ddc77-e860-41b6-949e-c08751ce73e7@FatimasOrg\nagent:\n  polling:\n    app_activity_ms: \"30000\"\n    app_update_ms: \"60000\"\n    server_activity_ms: \"30000\"\n    accumulated_rules_ms: \"30000\"\n    agent_cleanup_ms: \"5000\"\n  logger:\n    path: contrast_agent.log\n    level: DEBUG\n    metrics: \"true\"\n    progname: Contrast Service\n  service:\n    teamserver_retry:\n      enable: \"false\"\n      interval_ms: 5000\n      max_attempts: 5\n      isenabled: false\n    host: localhost\n    port: \"30555\"\n    grpc: \"true\"\n    logger:\n      path: contrast_service.log\n      level: INFO\n      stdout: \"false\"\n      progname: Contrast Service\n      max_size: \"100\"\n      backup_age: \"7\"\n    pprof:\n      port: \"\"\n    connection_timeout_ms: \"30000\"\n    parsedconnectiontimeoutms: 30000\ninventory: {}\nassess: {}\nprotect:\n  samples:\n    ineffective: \"50\"\n    blocked: \"25\"\n    exploited: \"100\"\n    blocked_at_perimeter: \"25\"\n  rules:\n    sql-injection:\n      detect_tautologies: \"false\"\n      detect_dangerous_functions: \"false\"\n      detect_chained_queries: \"false\"\n      detect_suspicious_unions: \"false\"\n      detecttautologies: false\n      detectdangerousfunctions: false\n      detectchainedqueries: false\n      detectsuspiciousunions: false\n    rulemodes: {}\napplication:\n  name: root\n  path: /\nserver: {}\nyamlfilepath: ./contrast_security.yaml\n"}
2023-06-08T16:08:04.778+0200	INFO	Initialize: contrast-service: BUILD	{"progname": "Contrast Service", "version": "2.28.27", "build_time": ""}
2023-06-08T16:08:04.778+0200	INFO	Initialize: Building timer for orphan request cleanup	{"progname": "Contrast Service", "cleanupMs": 5000}
2023-06-08T16:08:04.778+0200	INFO	Initialize: Building timer for orphan app cleanup	{"progname": "Contrast Service", "time": 5000}
2023-06-08T16:08:04.778+0200	INFO	Initialize: Creating listener	{"progname": "Contrast Service", "type": "tcp", "path": "localhost:30555"}
2023-06-08T16:08:05.730+0200	INFO	Creating New Application Server	{"progname": "Contrast Service", "uuid": "c066f3b1-6541-4117-9006-d56cb98382f7", "serverName": "DESKTOP-IAJP5HP", "clientId": "1864", "pid": 1864}
2023-06-08T16:08:05.730+0200	INFO	TSClient: Application Context:	{"progname": "Contrast Service", "server_name": "DESKTOP-IAJP5HP", "server_path": "C:\\Users\\rehim\\Downloads\\juice-shop-15.0.0_node18_win32_x64\\juice-shop_15.0.0\\build", "server_type": "node.js v18.16.0", "application_name": "juice-shop", "application_path": "/", "application_language": "Node"}
2023-06-08T16:08:08.289+0200	INFO	StateStorage: Setting new server features for context	{"progname": "Contrast Service", "uuid": "c066f3b1-6541-4117-9006-d56cb98382f7", "serverName": "DESKTOP-IAJP5HP"}
2023-06-08T16:08:08.339+0200	INFO	starting event scanner	{"progname": "Contrast Service", "report": {}}
2023-06-08T16:08:08.361+0200	INFO	Command: Creating new application	{"progname": "Contrast Service", "uuid": "c066f3b1-6541-4117-9006-d56cb98382f7", "serverName": "DESKTOP-IAJP5HP", "appName": "juice-shop", "language": "Node", "clientId": "1864", "pid": 1864}
2023-06-08T16:08:08.361+0200	INFO	Command: Creating and initializing new application	{"progname": "Contrast Service", "uuid": "c066f3b1-6541-4117-9006-d56cb98382f7", "server_name": "DESKTOP-IAJP5HP", "app_name": "juice-shop", "app_lang": "Node", "client_id": "1864", "pid": 1864}
2023-06-08T16:08:08.637+0200	INFO	StateStorage: Setting new application settings	{"progname": "Contrast Service", "uuid": "c066f3b1-6541-4117-9006-d56cb98382f7", "serverName": "DESKTOP-IAJP5HP", "appKey": "juice-shop-Node"}
2023-06-08T16:08:08.645+0200	INFO	Protect: reflected-xss rule converting mode BLOCK to BLOCK_AT_PERIMETER	{"progname": "Contrast Service"}
2023-06-08T16:09:45.922+0200	INFO	Config: Current configuration	{"progname": "Contrast Service", "yaml": "api:\n  url: https://ce.contrastsecurity.com/Contrast\n  service_key: REDACTED\n  api_key: REDACTED\n  user_name: agent_969ddc77-e860-41b6-949e-c08751ce73e7@FatimasOrg\nagent:\n  polling:\n    app_activity_ms: \"30000\"\n    app_update_ms: \"60000\"\n    server_activity_ms: \"30000\"\n    accumulated_rules_ms: \"30000\"\n    agent_cleanup_ms: \"5000\"\n  logger:\n    path: contrast_agent.log\n    level: DEBUG\n    metrics: \"true\"\n    progname: Contrast Service\n  service:\n    teamserver_retry:\n      enable: \"false\"\n      interval_ms: 5000\n      max_attempts: 5\n      isenabled: false\n    host: localhost\n    port: \"30555\"\n    grpc: \"true\"\n    logger:\n      path: contrast_service.log\n      level: INFO\n      stdout: \"false\"\n      progname: Contrast Service\n      max_size: \"100\"\n      backup_age: \"7\"\n    pprof:\n      port: \"\"\n    connection_timeout_ms: \"30000\"\n    parsedconnectiontimeoutms: 30000\ninventory: {}\nassess: {}\nprotect:\n  samples:\n    ineffective: \"50\"\n    blocked: \"25\"\n    exploited: \"100\"\n    blocked_at_perimeter: \"25\"\n  rules:\n    sql-injection:\n      detect_tautologies: \"false\"\n      detect_dangerous_functions: \"false\"\n      detect_chained_queries: \"false\"\n      detect_suspicious_unions: \"false\"\n      detecttautologies: false\n      detectdangerousfunctions: false\n      detectchainedqueries: false\n      detectsuspiciousunions: false\n    rulemodes: {}\napplication:\n  name: root\n  path: /\nserver: {}\nyamlfilepath: ./contrast_security.yaml\n"}
2023-06-08T16:09:45.922+0200	INFO	Initialize: contrast-service: BUILD	{"progname": "Contrast Service", "version": "2.28.27", "build_time": ""}
2023-06-08T16:09:45.922+0200	INFO	Initialize: Building timer for orphan request cleanup	{"progname": "Contrast Service", "cleanupMs": 5000}
2023-06-08T16:09:45.922+0200	INFO	Initialize: Building timer for orphan app cleanup	{"progname": "Contrast Service", "time": 5000}
2023-06-08T16:09:45.922+0200	INFO	Initialize: Creating listener	{"progname": "Contrast Service", "type": "tcp", "path": "localhost:30555"}
2023-06-08T16:09:47.060+0200	INFO	Creating New Application Server	{"progname": "Contrast Service", "uuid": "027bb1a7-233b-4395-92f0-0ae4e79c3dd7", "serverName": "DESKTOP-IAJP5HP", "clientId": "13996", "pid": 13996}
2023-06-08T16:09:47.060+0200	INFO	TSClient: Application Context:	{"progname": "Contrast Service", "server_name": "DESKTOP-IAJP5HP", "server_path": "C:\\Users\\rehim\\Downloads\\juice-shop-15.0.0_node18_win32_x64\\juice-shop_15.0.0\\build", "server_type": "node.js v18.16.0", "application_name": "juice-shop", "application_path": "/", "application_language": "Node"}
2023-06-08T16:09:47.828+0200	INFO	StateStorage: Setting new server features for context	{"progname": "Contrast Service", "uuid": "027bb1a7-233b-4395-92f0-0ae4e79c3dd7", "serverName": "DESKTOP-IAJP5HP"}
2023-06-08T16:09:47.829+0200	INFO	starting event scanner	{"progname": "Contrast Service", "report": {}}
2023-06-08T16:09:47.852+0200	INFO	Command: Creating new application	{"progname": "Contrast Service", "uuid": "027bb1a7-233b-4395-92f0-0ae4e79c3dd7", "serverName": "DESKTOP-IAJP5HP", "appName": "juice-shop", "language": "Node", "clientId": "13996", "pid": 13996}
2023-06-08T16:09:47.852+0200	INFO	Command: Creating and initializing new application	{"progname": "Contrast Service", "uuid": "027bb1a7-233b-4395-92f0-0ae4e79c3dd7", "server_name": "DESKTOP-IAJP5HP", "app_name": "juice-shop", "app_lang": "Node", "client_id": "13996", "pid": 13996}
2023-06-08T16:09:48.368+0200	INFO	StateStorage: Setting new application settings	{"progname": "Contrast Service", "uuid": "027bb1a7-233b-4395-92f0-0ae4e79c3dd7", "serverName": "DESKTOP-IAJP5HP", "appKey": "juice-shop-Node"}
2023-06-08T16:09:48.375+0200	INFO	Protect: reflected-xss rule converting mode BLOCK to BLOCK_AT_PERIMETER	{"progname": "Contrast Service"}
2023-06-08T18:46:04.331+0200	INFO	Config: Current configuration	{"progname": "Contrast Service", "yaml": "api:\n  url: https://ce.contrastsecurity.com/Contrast\n  service_key: REDACTED\n  api_key: REDACTED\n  user_name: agent_969ddc77-e860-41b6-949e-c08751ce73e7@FatimasOrg\nagent:\n  polling:\n    app_activity_ms: \"30000\"\n    app_update_ms: \"60000\"\n    server_activity_ms: \"30000\"\n    accumulated_rules_ms: \"30000\"\n    agent_cleanup_ms: \"5000\"\n  logger:\n    path: contrast_agent.log\n    level: DEBUG\n    metrics: \"true\"\n    progname: Contrast Service\n  service:\n    teamserver_retry:\n      enable: \"false\"\n      interval_ms: 5000\n      max_attempts: 5\n      isenabled: false\n    host: localhost\n    port: \"30555\"\n    grpc: \"true\"\n    logger:\n      path: contrast_service.log\n      level: INFO\n      stdout: \"false\"\n      progname: Contrast Service\n      max_size: \"100\"\n      backup_age: \"7\"\n    pprof:\n      port: \"\"\n    connection_timeout_ms: \"30000\"\n    parsedconnectiontimeoutms: 30000\ninventory: {}\nassess: {}\nprotect:\n  samples:\n    ineffective: \"50\"\n    blocked: \"25\"\n    exploited: \"100\"\n    blocked_at_perimeter: \"25\"\n  rules:\n    sql-injection:\n      detect_tautologies: \"false\"\n      detect_dangerous_functions: \"false\"\n      detect_chained_queries: \"false\"\n      detect_suspicious_unions: \"false\"\n      detecttautologies: false\n      detectdangerousfunctions: false\n      detectchainedqueries: false\n      detectsuspiciousunions: false\n    rulemodes: {}\napplication:\n  name: root\n  path: /\nserver: {}\nyamlfilepath: ./contrast_security.yaml\n"}
2023-06-08T18:46:04.344+0200	INFO	Initialize: contrast-service: BUILD	{"progname": "Contrast Service", "version": "2.28.27", "build_time": ""}
2023-06-08T18:46:04.344+0200	INFO	Initialize: Building timer for orphan request cleanup	{"progname": "Contrast Service", "cleanupMs": 5000}
2023-06-08T18:46:04.344+0200	INFO	Initialize: Building timer for orphan app cleanup	{"progname": "Contrast Service", "time": 5000}
2023-06-08T18:46:04.344+0200	INFO	Initialize: Creating listener	{"progname": "Contrast Service", "type": "tcp", "path": "localhost:30555"}
2023-06-08T18:46:05.827+0200	INFO	Creating New Application Server	{"progname": "Contrast Service", "uuid": "6519de1b-dba5-4f45-a7ca-a3404790825f", "serverName": "DESKTOP-IAJP5HP", "clientId": "6768", "pid": 6768}
2023-06-08T18:46:05.827+0200	INFO	TSClient: Application Context:	{"progname": "Contrast Service", "server_name": "DESKTOP-IAJP5HP", "server_path": "C:\\Users\\rehim\\Downloads\\juice-shop-15.0.0_node18_win32_x64\\juice-shop_15.0.0\\build", "server_type": "node.js v18.16.0", "application_name": "juice-shop", "application_path": "/", "application_language": "Node"}
2023-06-08T18:46:06.456+0200	INFO	StateStorage: Setting new server features for context	{"progname": "Contrast Service", "uuid": "6519de1b-dba5-4f45-a7ca-a3404790825f", "serverName": "DESKTOP-IAJP5HP"}
2023-06-08T18:46:06.457+0200	INFO	starting event scanner	{"progname": "Contrast Service", "report": {}}
2023-06-08T18:46:06.498+0200	INFO	Command: Creating new application	{"progname": "Contrast Service", "uuid": "6519de1b-dba5-4f45-a7ca-a3404790825f", "serverName": "DESKTOP-IAJP5HP", "appName": "juice-shop", "language": "Node", "clientId": "6768", "pid": 6768}
2023-06-08T18:46:06.498+0200	INFO	Command: Creating and initializing new application	{"progname": "Contrast Service", "uuid": "6519de1b-dba5-4f45-a7ca-a3404790825f", "server_name": "DESKTOP-IAJP5HP", "app_name": "juice-shop", "app_lang": "Node", "client_id": "6768", "pid": 6768}
2023-06-08T18:46:06.706+0200	INFO	StateStorage: Setting new application settings	{"progname": "Contrast Service", "uuid": "6519de1b-dba5-4f45-a7ca-a3404790825f", "serverName": "DESKTOP-IAJP5HP", "appKey": "juice-shop-Node"}
2023-06-08T18:46:06.712+0200	INFO	Protect: reflected-xss rule converting mode BLOCK to BLOCK_AT_PERIMETER	{"progname": "Contrast Service"}
2023-06-08T18:49:37.164+0200	INFO	StateStorage: Setting new server features for context	{"progname": "Contrast Service", "uuid": "6519de1b-dba5-4f45-a7ca-a3404790825f", "serverName": "DESKTOP-IAJP5HP"}
2023-06-08T18:49:37.168+0200	INFO	Protect: reflected-xss rule converting mode BLOCK to BLOCK_AT_PERIMETER	{"progname": "Contrast Service"}
